<?xml version="1.0" encoding="utf-8"?>
<coverage line-rate="0.7918999999999999" branch-rate="0.9285" version="1.9" timestamp="1759229487" lines-covered="118" lines-valid="149" branches-covered="26" branches-valid="28">
  <sources>
    <source>/home/runner/work/winged-bean/winged-bean/framework/src/</source>
  </sources>
  <packages>
    <package name="WingedBean.Contracts.Core" line-rate="0.3333" branch-rate="1" complexity="32">
      <classes>
        <class name="WingedBean.Contracts.Core.RealizeServiceAttribute" filename="WingedBean.Contracts.Core/Attributes.cs" line-rate="0" branch-rate="1" complexity="2">
          <methods>
            <method name="get_ServiceType" signature="()" line-rate="0" branch-rate="1" complexity="1">
              <lines>
                <line number="10" hits="0" branch="False" />
              </lines>
            </method>
            <method name=".ctor" signature="(System.Type)" line-rate="0" branch-rate="1" complexity="1">
              <lines>
                <line number="12" hits="0" branch="False" />
                <line number="13" hits="0" branch="False" />
                <line number="14" hits="0" branch="False" />
                <line number="15" hits="0" branch="False" />
              </lines>
            </method>
          </methods>
          <lines>
            <line number="10" hits="0" branch="False" />
            <line number="12" hits="0" branch="False" />
            <line number="13" hits="0" branch="False" />
            <line number="14" hits="0" branch="False" />
            <line number="15" hits="0" branch="False" />
          </lines>
        </class>
        <class name="WingedBean.Contracts.Core.SelectionStrategyAttribute" filename="WingedBean.Contracts.Core/Attributes.cs" line-rate="0" branch-rate="1" complexity="2">
          <methods>
            <method name="get_Mode" signature="()" line-rate="0" branch-rate="1" complexity="1">
              <lines>
                <line number="24" hits="0" branch="False" />
              </lines>
            </method>
            <method name=".ctor" signature="(WingedBean.Contracts.Core.SelectionMode)" line-rate="0" branch-rate="1" complexity="1">
              <lines>
                <line number="26" hits="0" branch="False" />
                <line number="27" hits="0" branch="False" />
                <line number="28" hits="0" branch="False" />
                <line number="29" hits="0" branch="False" />
              </lines>
            </method>
          </methods>
          <lines>
            <line number="24" hits="0" branch="False" />
            <line number="26" hits="0" branch="False" />
            <line number="27" hits="0" branch="False" />
            <line number="28" hits="0" branch="False" />
            <line number="29" hits="0" branch="False" />
          </lines>
        </class>
        <class name="WingedBean.Contracts.Core.PluginAttribute" filename="WingedBean.Contracts.Core/Attributes.cs" line-rate="0" branch-rate="1" complexity="4">
          <methods>
            <method name="get_Name" signature="()" line-rate="0" branch-rate="1" complexity="1">
              <lines>
                <line number="39" hits="0" branch="False" />
              </lines>
            </method>
            <method name="get_Provides" signature="()" line-rate="0" branch-rate="1" complexity="1">
              <lines>
                <line number="40" hits="0" branch="False" />
              </lines>
            </method>
            <method name="get_Dependencies" signature="()" line-rate="0" branch-rate="1" complexity="1">
              <lines>
                <line number="41" hits="0" branch="False" />
              </lines>
            </method>
            <method name="get_Priority" signature="()" line-rate="0" branch-rate="1" complexity="1">
              <lines>
                <line number="42" hits="0" branch="False" />
              </lines>
            </method>
          </methods>
          <lines>
            <line number="39" hits="0" branch="False" />
            <line number="40" hits="0" branch="False" />
            <line number="41" hits="0" branch="False" />
            <line number="42" hits="0" branch="False" />
          </lines>
        </class>
        <class name="WingedBean.Contracts.Core.ServiceNotFoundException" filename="WingedBean.Contracts.Core/Exceptions.cs" line-rate="1" branch-rate="1" complexity="2">
          <methods>
            <method name="get_ServiceType" signature="()" line-rate="1" branch-rate="1" complexity="1">
              <lines>
                <line number="8" hits="1" branch="False" />
              </lines>
            </method>
            <method name=".ctor" signature="(System.Type)" line-rate="1" branch-rate="1" complexity="1">
              <lines>
                <line number="11" hits="1" branch="False" />
                <line number="12" hits="1" branch="False" />
                <line number="13" hits="1" branch="False" />
                <line number="14" hits="1" branch="False" />
              </lines>
            </method>
          </methods>
          <lines>
            <line number="8" hits="1" branch="False" />
            <line number="11" hits="1" branch="False" />
            <line number="12" hits="1" branch="False" />
            <line number="13" hits="1" branch="False" />
            <line number="14" hits="1" branch="False" />
          </lines>
        </class>
        <class name="WingedBean.Contracts.Core.MultipleServicesException" filename="WingedBean.Contracts.Core/Exceptions.cs" line-rate="0.8571" branch-rate="1" complexity="3">
          <methods>
            <method name="get_ServiceType" signature="()" line-rate="0" branch-rate="1" complexity="1">
              <lines>
                <line number="22" hits="0" branch="False" />
              </lines>
            </method>
            <method name="get_Count" signature="()" line-rate="1" branch-rate="1" complexity="1">
              <lines>
                <line number="23" hits="1" branch="False" />
              </lines>
            </method>
            <method name=".ctor" signature="(System.Type,System.Int32)" line-rate="1" branch-rate="1" complexity="1">
              <lines>
                <line number="26" hits="1" branch="False" />
                <line number="27" hits="1" branch="False" />
                <line number="28" hits="1" branch="False" />
                <line number="29" hits="1" branch="False" />
                <line number="30" hits="1" branch="False" />
              </lines>
            </method>
          </methods>
          <lines>
            <line number="22" hits="0" branch="False" />
            <line number="23" hits="1" branch="False" />
            <line number="26" hits="1" branch="False" />
            <line number="27" hits="1" branch="False" />
            <line number="28" hits="1" branch="False" />
            <line number="29" hits="1" branch="False" />
            <line number="30" hits="1" branch="False" />
          </lines>
        </class>
        <class name="WingedBean.Contracts.Core.PluginManifest" filename="WingedBean.Contracts.Core/PluginManifest.cs" line-rate="0" branch-rate="1" complexity="11">
          <methods>
            <method name="get_Id" signature="()" line-rate="0" branch-rate="1" complexity="1">
              <lines>
                <line number="8" hits="0" branch="False" />
              </lines>
            </method>
            <method name="get_Version" signature="()" line-rate="0" branch-rate="1" complexity="1">
              <lines>
                <line number="9" hits="0" branch="False" />
              </lines>
            </method>
            <method name="get_Name" signature="()" line-rate="0" branch-rate="1" complexity="1">
              <lines>
                <line number="10" hits="0" branch="False" />
              </lines>
            </method>
            <method name="get_Description" signature="()" line-rate="0" branch-rate="1" complexity="1">
              <lines>
                <line number="11" hits="0" branch="False" />
              </lines>
            </method>
            <method name="get_Author" signature="()" line-rate="0" branch-rate="1" complexity="1">
              <lines>
                <line number="12" hits="0" branch="False" />
              </lines>
            </method>
            <method name="get_ProvidesServices" signature="()" line-rate="0" branch-rate="1" complexity="1">
              <lines>
                <line number="13" hits="0" branch="False" />
              </lines>
            </method>
            <method name="get_Dependencies" signature="()" line-rate="0" branch-rate="1" complexity="1">
              <lines>
                <line number="14" hits="0" branch="False" />
              </lines>
            </method>
            <method name="get_Priority" signature="()" line-rate="0" branch-rate="1" complexity="1">
              <lines>
                <line number="15" hits="0" branch="False" />
              </lines>
            </method>
            <method name="get_LoadStrategy" signature="()" line-rate="0" branch-rate="1" complexity="1">
              <lines>
                <line number="16" hits="0" branch="False" />
              </lines>
            </method>
            <method name="get_EntryPoints" signature="()" line-rate="0" branch-rate="1" complexity="1">
              <lines>
                <line number="17" hits="0" branch="False" />
              </lines>
            </method>
            <method name="get_Metadata" signature="()" line-rate="0" branch-rate="1" complexity="1">
              <lines>
                <line number="18" hits="0" branch="False" />
              </lines>
            </method>
          </methods>
          <lines>
            <line number="8" hits="0" branch="False" />
            <line number="9" hits="0" branch="False" />
            <line number="10" hits="0" branch="False" />
            <line number="11" hits="0" branch="False" />
            <line number="12" hits="0" branch="False" />
            <line number="13" hits="0" branch="False" />
            <line number="14" hits="0" branch="False" />
            <line number="15" hits="0" branch="False" />
            <line number="16" hits="0" branch="False" />
            <line number="17" hits="0" branch="False" />
            <line number="18" hits="0" branch="False" />
          </lines>
        </class>
        <class name="WingedBean.Contracts.Core.PluginDependency" filename="WingedBean.Contracts.Core/PluginManifest.cs" line-rate="0" branch-rate="1" complexity="3">
          <methods>
            <method name="get_PluginId" signature="()" line-rate="0" branch-rate="1" complexity="1">
              <lines>
                <line number="26" hits="0" branch="False" />
              </lines>
            </method>
            <method name="get_VersionRange" signature="()" line-rate="0" branch-rate="1" complexity="1">
              <lines>
                <line number="27" hits="0" branch="False" />
              </lines>
            </method>
            <method name="get_Optional" signature="()" line-rate="0" branch-rate="1" complexity="1">
              <lines>
                <line number="28" hits="0" branch="False" />
              </lines>
            </method>
          </methods>
          <lines>
            <line number="26" hits="0" branch="False" />
            <line number="27" hits="0" branch="False" />
            <line number="28" hits="0" branch="False" />
          </lines>
        </class>
        <class name="WingedBean.Contracts.Core.ServiceMetadata" filename="WingedBean.Contracts.Core/ServiceMetadata.cs" line-rate="0.8" branch-rate="1" complexity="5">
          <methods>
            <method name="get_Name" signature="()" line-rate="1" branch-rate="1" complexity="1">
              <lines>
                <line number="8" hits="54" branch="False" />
              </lines>
            </method>
            <method name="get_Priority" signature="()" line-rate="1" branch-rate="1" complexity="1">
              <lines>
                <line number="9" hits="470" branch="False" />
              </lines>
            </method>
            <method name="get_Version" signature="()" line-rate="1" branch-rate="1" complexity="1">
              <lines>
                <line number="10" hits="54" branch="False" />
              </lines>
            </method>
            <method name="get_Platform" signature="()" line-rate="1" branch-rate="1" complexity="1">
              <lines>
                <line number="11" hits="3" branch="False" />
              </lines>
            </method>
            <method name="get_Properties" signature="()" line-rate="0" branch-rate="1" complexity="1">
              <lines>
                <line number="12" hits="0" branch="False" />
              </lines>
            </method>
          </methods>
          <lines>
            <line number="8" hits="54" branch="False" />
            <line number="9" hits="470" branch="False" />
            <line number="10" hits="54" branch="False" />
            <line number="11" hits="3" branch="False" />
            <line number="12" hits="0" branch="False" />
          </lines>
        </class>
      </classes>
    </package>
    <package name="WingedBean.Registry" line-rate="0.9903" branch-rate="0.9285" complexity="34">
      <classes>
        <class name="WingedBean.Registry.ActualRegistry" filename="WingedBean.Registry/ActualRegistry.cs" line-rate="0.9895999999999999" branch-rate="0.9285" complexity="31">
          <methods>
            <method name="Register" signature="(TService,System.Int32)" line-rate="1" branch-rate="1" complexity="1">
              <lines>
                <line number="28" hits="208" branch="False" />
                <line number="29" hits="208" branch="False" />
                <line number="31" hits="207" branch="False" />
                <line number="32" hits="207" branch="False" />
                <line number="33" hits="207" branch="False" />
                <line number="34" hits="207" branch="False" />
                <line number="36" hits="207" branch="False" />
                <line number="37" hits="207" branch="False" />
              </lines>
            </method>
            <method name="Register" signature="(TService,WingedBean.Contracts.Core.ServiceMetadata)" line-rate="1" branch-rate="1" complexity="2">
              <lines>
                <line number="42" hits="212" branch="False" />
                <line number="43" hits="212" branch="False" />
                <line number="44" hits="212" branch="False" />
                <line number="46" hits="211" branch="False" />
                <line number="47" hits="211" branch="False" />
                <line number="48" hits="211" branch="False" />
                <line number="49" hits="211" branch="True" condition-coverage="100% (2/2)">
                  <conditions>
                    <condition number="77" type="jump" coverage="100%" />
                  </conditions>
                </line>
                <line number="50" hits="25" branch="False" />
                <line number="51" hits="25" branch="False" />
                <line number="52" hits="25" branch="False" />
                <line number="54" hits="211" branch="False" />
                <line number="55" hits="211" branch="False" />
                <line number="56" hits="211" branch="False" />
              </lines>
            </method>
            <method name="Get" signature="(WingedBean.Contracts.Core.SelectionMode)" line-rate="0.9375" branch-rate="0.875" complexity="8">
              <lines>
                <line number="61" hits="127" branch="False" />
                <line number="62" hits="127" branch="False" />
                <line number="63" hits="127" branch="False" />
                <line number="64" hits="127" branch="False" />
                <line number="66" hits="127" branch="True" condition-coverage="100% (4/4)">
                  <conditions>
                    <condition number="45" type="jump" coverage="100%" />
                    <condition number="63" type="jump" coverage="100%" />
                  </conditions>
                </line>
                <line number="67" hits="1" branch="False" />
                <line number="68" hits="1" branch="False" />
                <line number="71" hits="126" branch="True" condition-coverage="75% (3/4)">
                  <conditions>
                    <condition number="78" type="switch" coverage="75%" />
                  </conditions>
                </line>
                <line number="72" hits="126" branch="False" />
                <line number="73" hits="2" branch="False" />
                <line number="74" hits="123" branch="False" />
                <line number="75" hits="1" branch="False" />
                <line number="76" hits="1" branch="False" />
                <line number="77" hits="0" branch="False" />
                <line number="78" hits="126" branch="False" />
                <line number="80" hits="124" branch="False" />
              </lines>
            </method>
            <method name="GetAll" signature="()" line-rate="1" branch-rate="1" complexity="4">
              <lines>
                <line number="85" hits="58" branch="False" />
                <line number="86" hits="58" branch="False" />
                <line number="87" hits="58" branch="False" />
                <line number="88" hits="58" branch="False" />
                <line number="90" hits="58" branch="True" condition-coverage="100% (2/2)">
                  <conditions>
                    <condition number="52" type="jump" coverage="100%" />
                  </conditions>
                </line>
                <line number="91" hits="3" branch="False" />
                <line number="92" hits="3" branch="False" />
                <line number="95" hits="662" branch="True" condition-coverage="100% (2/2)">
                  <conditions>
                    <condition number="71" type="jump" coverage="100%" />
                  </conditions>
                </line>
                <line number="97" hits="58" branch="False" />
              </lines>
            </method>
            <method name="IsRegistered" signature="()" line-rate="1" branch-rate="1" complexity="2">
              <lines>
                <line number="102" hits="11" branch="False" />
                <line number="103" hits="11" branch="False" />
                <line number="104" hits="11" branch="False" />
                <line number="105" hits="11" branch="False" />
                <line number="106" hits="11" branch="True" condition-coverage="100% (2/2)">
                  <conditions>
                    <condition number="45" type="jump" coverage="100%" />
                  </conditions>
                </line>
                <line number="108" hits="11" branch="False" />
              </lines>
            </method>
            <method name="Unregister" signature="(TService)" line-rate="1" branch-rate="1" complexity="4">
              <lines>
                <line number="113" hits="62" branch="False" />
                <line number="114" hits="62" branch="False" />
                <line number="116" hits="61" branch="False" />
                <line number="117" hits="61" branch="False" />
                <line number="118" hits="61" branch="False" />
                <line number="120" hits="61" branch="True" condition-coverage="100% (2/2)">
                  <conditions>
                    <condition number="87" type="jump" coverage="100%" />
                  </conditions>
                </line>
                <line number="121" hits="2" branch="False" />
                <line number="122" hits="2" branch="False" />
                <line number="125" hits="1379" branch="False" />
                <line number="127" hits="59" branch="True" condition-coverage="100% (2/2)">
                  <conditions>
                    <condition number="130" type="jump" coverage="100%" />
                  </conditions>
                </line>
                <line number="128" hits="4" branch="False" />
                <line number="129" hits="4" branch="False" />
                <line number="130" hits="4" branch="False" />
                <line number="132" hits="59" branch="False" />
                <line number="134" hits="61" branch="False" />
              </lines>
            </method>
            <method name="UnregisterAll" signature="()" line-rate="1" branch-rate="1" complexity="1">
              <lines>
                <line number="139" hits="3" branch="False" />
                <line number="140" hits="3" branch="False" />
                <line number="141" hits="3" branch="False" />
                <line number="142" hits="3" branch="False" />
                <line number="143" hits="3" branch="False" />
                <line number="144" hits="3" branch="False" />
                <line number="145" hits="3" branch="False" />
              </lines>
            </method>
            <method name="GetMetadata" signature="(TService)" line-rate="1" branch-rate="0.75" complexity="4">
              <lines>
                <line number="150" hits="55" branch="False" />
                <line number="151" hits="55" branch="False" />
                <line number="153" hits="54" branch="False" />
                <line number="154" hits="54" branch="False" />
                <line number="155" hits="54" branch="False" />
                <line number="157" hits="54" branch="True" condition-coverage="100% (2/2)">
                  <conditions>
                    <condition number="87" type="jump" coverage="100%" />
                  </conditions>
                </line>
                <line number="158" hits="2" branch="False" />
                <line number="159" hits="2" branch="False" />
                <line number="162" hits="104" branch="False" />
                <line number="163" hits="52" branch="True" condition-coverage="50% (1/2)">
                  <conditions>
                    <condition number="118" type="jump" coverage="50%" />
                  </conditions>
                </line>
                <line number="165" hits="54" branch="False" />
              </lines>
            </method>
            <method name="GetOne" signature="(System.Collections.Generic.List`1&lt;WingedBean.Registry.ActualRegistry/ServiceEntry&gt;,System.Type)" line-rate="1" branch-rate="1" complexity="2">
              <lines>
                <line number="169" hits="2" branch="False" />
                <line number="170" hits="2" branch="True" condition-coverage="100% (2/2)">
                  <conditions>
                    <condition number="12" type="jump" coverage="100%" />
                  </conditions>
                </line>
                <line number="171" hits="1" branch="False" />
                <line number="172" hits="1" branch="False" />
                <line number="175" hits="1" branch="False" />
                <line number="176" hits="1" branch="False" />
              </lines>
            </method>
            <method name="GetHighestPriority" signature="(System.Collections.Generic.List`1&lt;WingedBean.Registry.ActualRegistry/ServiceEntry&gt;)" line-rate="1" branch-rate="1" complexity="2">
              <lines>
                <line number="180" hits="123" branch="False" />
                <line number="181" hits="330" branch="True" condition-coverage="100% (2/2)">
                  <conditions>
                    <condition number="8" type="jump" coverage="100%" />
                  </conditions>
                </line>
                <line number="182" hits="123" branch="False" />
                <line number="183" hits="123" branch="False" />
              </lines>
            </method>
            <method name=".ctor" signature="()" line-rate="1" branch-rate="1" complexity="1">
              <lines>
                <line number="10" hits="34" branch="False" />
                <line number="11" hits="34" branch="False" />
              </lines>
            </method>
          </methods>
          <lines>
            <line number="28" hits="208" branch="False" />
            <line number="29" hits="208" branch="False" />
            <line number="31" hits="207" branch="False" />
            <line number="32" hits="207" branch="False" />
            <line number="33" hits="207" branch="False" />
            <line number="34" hits="207" branch="False" />
            <line number="36" hits="207" branch="False" />
            <line number="37" hits="207" branch="False" />
            <line number="42" hits="212" branch="False" />
            <line number="43" hits="212" branch="False" />
            <line number="44" hits="212" branch="False" />
            <line number="46" hits="211" branch="False" />
            <line number="47" hits="211" branch="False" />
            <line number="48" hits="211" branch="False" />
            <line number="49" hits="211" branch="True" condition-coverage="100% (2/2)">
              <conditions>
                <condition number="77" type="jump" coverage="100%" />
              </conditions>
            </line>
            <line number="50" hits="25" branch="False" />
            <line number="51" hits="25" branch="False" />
            <line number="52" hits="25" branch="False" />
            <line number="54" hits="211" branch="False" />
            <line number="55" hits="211" branch="False" />
            <line number="56" hits="211" branch="False" />
            <line number="61" hits="127" branch="False" />
            <line number="62" hits="127" branch="False" />
            <line number="63" hits="127" branch="False" />
            <line number="64" hits="127" branch="False" />
            <line number="66" hits="127" branch="True" condition-coverage="100% (4/4)">
              <conditions>
                <condition number="45" type="jump" coverage="100%" />
                <condition number="63" type="jump" coverage="100%" />
              </conditions>
            </line>
            <line number="67" hits="1" branch="False" />
            <line number="68" hits="1" branch="False" />
            <line number="71" hits="126" branch="True" condition-coverage="75% (3/4)">
              <conditions>
                <condition number="78" type="switch" coverage="75%" />
              </conditions>
            </line>
            <line number="72" hits="126" branch="False" />
            <line number="73" hits="2" branch="False" />
            <line number="74" hits="123" branch="False" />
            <line number="75" hits="1" branch="False" />
            <line number="76" hits="1" branch="False" />
            <line number="77" hits="0" branch="False" />
            <line number="78" hits="126" branch="False" />
            <line number="80" hits="124" branch="False" />
            <line number="85" hits="58" branch="False" />
            <line number="86" hits="58" branch="False" />
            <line number="87" hits="58" branch="False" />
            <line number="88" hits="58" branch="False" />
            <line number="90" hits="58" branch="True" condition-coverage="100% (2/2)">
              <conditions>
                <condition number="52" type="jump" coverage="100%" />
              </conditions>
            </line>
            <line number="91" hits="3" branch="False" />
            <line number="92" hits="3" branch="False" />
            <line number="95" hits="662" branch="True" condition-coverage="100% (2/2)">
              <conditions>
                <condition number="71" type="jump" coverage="100%" />
              </conditions>
            </line>
            <line number="97" hits="58" branch="False" />
            <line number="102" hits="11" branch="False" />
            <line number="103" hits="11" branch="False" />
            <line number="104" hits="11" branch="False" />
            <line number="105" hits="11" branch="False" />
            <line number="106" hits="11" branch="True" condition-coverage="100% (2/2)">
              <conditions>
                <condition number="45" type="jump" coverage="100%" />
              </conditions>
            </line>
            <line number="108" hits="11" branch="False" />
            <line number="113" hits="62" branch="False" />
            <line number="114" hits="62" branch="False" />
            <line number="116" hits="61" branch="False" />
            <line number="117" hits="61" branch="False" />
            <line number="118" hits="61" branch="False" />
            <line number="120" hits="61" branch="True" condition-coverage="100% (2/2)">
              <conditions>
                <condition number="87" type="jump" coverage="100%" />
              </conditions>
            </line>
            <line number="121" hits="2" branch="False" />
            <line number="122" hits="2" branch="False" />
            <line number="125" hits="1379" branch="False" />
            <line number="127" hits="59" branch="True" condition-coverage="100% (2/2)">
              <conditions>
                <condition number="130" type="jump" coverage="100%" />
              </conditions>
            </line>
            <line number="128" hits="4" branch="False" />
            <line number="129" hits="4" branch="False" />
            <line number="130" hits="4" branch="False" />
            <line number="132" hits="59" branch="False" />
            <line number="134" hits="61" branch="False" />
            <line number="139" hits="3" branch="False" />
            <line number="140" hits="3" branch="False" />
            <line number="141" hits="3" branch="False" />
            <line number="142" hits="3" branch="False" />
            <line number="143" hits="3" branch="False" />
            <line number="144" hits="3" branch="False" />
            <line number="145" hits="3" branch="False" />
            <line number="150" hits="55" branch="False" />
            <line number="151" hits="55" branch="False" />
            <line number="153" hits="54" branch="False" />
            <line number="154" hits="54" branch="False" />
            <line number="155" hits="54" branch="False" />
            <line number="157" hits="54" branch="True" condition-coverage="100% (2/2)">
              <conditions>
                <condition number="87" type="jump" coverage="100%" />
              </conditions>
            </line>
            <line number="158" hits="2" branch="False" />
            <line number="159" hits="2" branch="False" />
            <line number="162" hits="104" branch="False" />
            <line number="163" hits="52" branch="True" condition-coverage="50% (1/2)">
              <conditions>
                <condition number="118" type="jump" coverage="50%" />
              </conditions>
            </line>
            <line number="165" hits="54" branch="False" />
            <line number="169" hits="2" branch="False" />
            <line number="170" hits="2" branch="True" condition-coverage="100% (2/2)">
              <conditions>
                <condition number="12" type="jump" coverage="100%" />
              </conditions>
            </line>
            <line number="171" hits="1" branch="False" />
            <line number="172" hits="1" branch="False" />
            <line number="175" hits="1" branch="False" />
            <line number="176" hits="1" branch="False" />
            <line number="180" hits="123" branch="False" />
            <line number="181" hits="330" branch="True" condition-coverage="100% (2/2)">
              <conditions>
                <condition number="8" type="jump" coverage="100%" />
              </conditions>
            </line>
            <line number="182" hits="123" branch="False" />
            <line number="183" hits="123" branch="False" />
            <line number="10" hits="34" branch="False" />
            <line number="11" hits="34" branch="False" />
          </lines>
        </class>
        <class name="WingedBean.Registry.ActualRegistry/ServiceEntry" filename="WingedBean.Registry/ActualRegistry.cs" line-rate="1" branch-rate="1" complexity="3">
          <methods>
            <method name="get_Implementation" signature="()" line-rate="1" branch-rate="1" complexity="1">
              <lines>
                <line number="15" hits="2103" branch="False" />
              </lines>
            </method>
            <method name="get_Metadata" signature="()" line-rate="1" branch-rate="1" complexity="1">
              <lines>
                <line number="16" hits="259" branch="False" />
              </lines>
            </method>
            <method name=".ctor" signature="(System.Object,WingedBean.Contracts.Core.ServiceMetadata)" line-rate="1" branch-rate="1" complexity="1">
              <lines>
                <line number="18" hits="211" branch="False" />
                <line number="19" hits="211" branch="False" />
                <line number="20" hits="211" branch="False" />
                <line number="21" hits="211" branch="False" />
                <line number="22" hits="211" branch="False" />
              </lines>
            </method>
          </methods>
          <lines>
            <line number="15" hits="2103" branch="False" />
            <line number="16" hits="259" branch="False" />
            <line number="18" hits="211" branch="False" />
            <line number="19" hits="211" branch="False" />
            <line number="20" hits="211" branch="False" />
            <line number="21" hits="211" branch="False" />
            <line number="22" hits="211" branch="False" />
          </lines>
        </class>
      </classes>
    </package>
  </packages>
</coverage>